atlantis_game
327680
Way of the Sword
1
1
-1
3867
3
4
100
1
2
2
1
-1
-1
-1
-1
-6
0
0
The Guardsmen (1)
NoAddress
none
1
0
2
0
0
2
0
2
-1
-1
-1
-1
-6
0
0
Creatures (2)
NoAddress
none
1
0
2
0
0
2
0
41
3
1
1
nexus
0
8
8
none
1
4
4
underworld
2
0
Unnamed
0
nexus
1
0
NO_RACE
0
0
0
0
0
0
0
0
0
0
100
0
0
0
0
0
0
0
1
0
None
0
Dummy
none
-1
-1
0
1
City Guard (1)
none
1
2
1
1
0
0
NO_ITEM
NO_ITEM
NO_ITEM
NO_ITEM
NO_ITEM
NO_ITEM
NO_ITEM
NO_ITEM
NO_ITEM
10
4
500 BUKE
500 NAGI
50000 SILV
500 AARM
3
COMB 90000
TACT 150000
OBSE 150000
NO_SKILL
Iwashiro
1
plain
1
0
PEAS
2338
1181
147
147
2197
0
0
0
0
0
3543
116
0
0
0
1
4
GRAI
77
77
10
HORS
28
28
10
SILV
2232
2232
NO_SKILL
147
SILV
98
98
ENTE
200
2
0
PEAS
58
93
0
10000
0
2000
58
0
BUKE
117
18
0
10000
0
400
117
1
0
None
0
Dummy
none
-1
-1
0
0
Iwashiro
2
plain
1
0
PEAS
2418
1300
153
153
2563
0
0
0
0
0
3900
125
0
2
0
1
5
GRAI
51
51
10
HORS
25
25
10
WING
7
7
10
SILV
2593
2593
NO_SKILL
153
SILV
117
117
ENTE
200
2
0
PEAS
61
96
0
10000
0
2000
61
0
BUKE
122
19
0
10000
0
400
122
1
0
None
0
Dummy
none
-1
-1
0
0
Izumi
3
plain
2
0
PEAS
2188
1196
143
143
1881
0
0
0
0
0
3588
110
0
4
0
1
4
LIVE
77
77
10
HORS
33
33
10
SILV
1931
1931
NO_SKILL
143
SILV
82
82
ENTE
200
2
0
PEAS
57
87
0
10000
0
2000
57
0
BUKE
114
17
0
10000
0
400
114
2
0
None
0
Dummy
none
-1
-1
0
0
1
Crypt
0
Crypt [1]
none
-1
-1
0
0
Iwashiro
4
plain
1
0
PEAS
2640
1333
148
148
2534
0
0
0
0
0
4000
117
0
6
0
1
5
LIVE
46
46
10
HORS
34
34
10
WING
6
6
10
SILV
2546
2546
NO_SKILL
148
SILV
121
121
ENTE
200
2
0
PEAS
59
105
0
10000
0
2000
59
0
BUKE
118
21
0
10000
0
400
118
1
0
None
0
Dummy
none
-1
-1
0
0
Iwashiro
5
plain
1
0
PEAS
1982
1032
147
147
1863
0
0
0
0
0
3097
116
0
1
1
1
5
LIVE
55
55
10
HORS
38
38
10
WING
8
8
10
SILV
1942
1942
NO_SKILL
147
SILV
78
78
ENTE
200
2
0
PEAS
58
79
0
10000
0
2000
58
0
BUKE
117
15
0
10000
0
400
117
1
0
None
0
Dummy
none
-1
-1
0
0
Izumi
6
plain
1
0
PEAS
2461
1302
152
152
2559
0
0
0
0
0
3907
124
0
3
1
1
4
GRAI
64
64
10
HORS
30
30
10
SILV
2584
2584
NO_SKILL
152
SILV
118
118
ENTE
200
2
0
PEAS
60
98
0
10000
0
2000
60
0
BUKE
121
19
0
10000
0
400
121
1
0
None
0
Dummy
none
-1
-1
0
0
Okinawa
7
forest
1
0
PEAS
932
457
128
128
521
0
0
0
0
0
1371
89
0
5
1
1
6
GRAI
25
25
10
WOOD
29
29
10
FUR
14
14
10
HERB
16
16
10
SILV
714
714
NO_SKILL
128
SILV
17
17
ENTE
200
2
0
PEAS
51
37
0
10000
0
2000
51
0
BUKE
102
7
0
10000
0
400
102
1
0
None
0
Dummy
none
-1
-1
0
0
Iwashiro
8
plain
1
0
PEAS
2298
1178
147
147
2160
0
0
0
0
0
3536
116
0
7
1
1
4
GRAI
58
58
10
HORS
24
24
10
SILV
2201
2201
NO_SKILL
147
SILV
97
97
ENTE
200
2
0
PEAS
58
91
0
10000
0
2000
58
0
BUKE
117
18
0
10000
0
400
117
1
0
None
0
Dummy
none
-1
-1
0
0
Hyuga
9
swamp
1
0
PEAS
446
236
122
122
196
0
0
0
0
0
708
81
0
0
2
1
6
GRAI
10
10
10
WOOD
11
11
10
HERB
13
13
10
MUSH
7
7
10
SILV
383
383
NO_SKILL
122
SILV
5
5
ENTE
200
2
0
PEAS
48
17
0
10000
0
2000
48
0
BUKE
97
3
0
10000
0
400
97
1
0
None
0
Dummy
none
-1
-1
0
0
Izumi
10
plain
1
0
PEAS
2181
1054
155
155
2399
0
0
0
0
0
3162
128
0
2
2
1
4
LIVE
44
44
10
HORS
35
35
10
SILV
2463
2463
NO_SKILL
155
SILV
105
105
ENTE
200
2
0
PEAS
62
87
0
10000
0
2000
62
0
BUKE
124
17
0
10000
0
400
124
1
0
None
0
Dummy
none
-1
-1
0
0
Izumi
11
plain
1
0
PEAS
2227
1108
150
150
2227
0
0
0
0
0
3324
121
0
4
2
1
4
GRAI
57
57
10
HORS
20
20
10
SILV
2275
2275
NO_SKILL
150
SILV
98
98
ENTE
200
2
0
PEAS
60
89
0
10000
0
2000
60
0
BUKE
120
17
0
10000
0
400
120
1
0
None
0
Dummy
none
-1
-1
0
0
Hyuga
12
swamp
2
0
PEAS
472
225
110
110
94
0
0
0
0
0
675
66
0
6
2
1
5
GRAI
14
14
10
WOOD
14
14
10
HERB
14
14
10
SILV
178
178
NO_SKILL
110
SILV
2
2
ENTE
200
2
0
PEAS
44
18
0
10000
0
2000
44
0
BUKE
88
3
0
10000
0
400
88
2
0
None
0
Dummy
none
-1
-1
0
0
1
Lair
0
Lair [1]
none
-1
-1
0
1
Bakemono-Sho Goblin Horde (2)
none
2
3
2
2
0
0
NO_ITEM
NO_ITEM
NO_ITEM
NO_ITEM
NO_ITEM
NO_ITEM
NO_ITEM
NO_ITEM
NO_ITEM
10
1
29 BSHO
0
NO_SKILL
Izumi
13
plain
1
0
PEAS
2107
1064
146
146
1938
0
0
0
0
0
3193
114
0
1
3
1
4
LIVE
69
69
10
HORS
33
33
10
SILV
1996
1996
NO_SKILL
146
SILV
84
84
ENTE
200
2
0
PEAS
58
84
0
10000
0
2000
58
0
BUKE
116
16
0
10000
0
400
116
1
0
None
0
Dummy
none
-1
-1
0
0
Izumi
14
plain
1
0
PEAS
1825
981
143
143
1569
0
0
0
0
0
2945
110
0
3
3
1
4
LIVE
47
47
10
HORS
34
34
10
SILV
1670
1670
NO_SKILL
143
SILV
64
64
ENTE
200
2
0
PEAS
57
73
0
10000
0
2000
57
0
BUKE
114
14
0
10000
0
400
114
1
0
None
0
Dummy
none
-1
-1
0
0
Okinawa
15
forest
1
0
PEAS
934
519
132
132
597
0
0
0
0
0
1557
95
0
5
3
1
6
GRAI
35
35
10
WOOD
38
38
10
FUR
19
19
10
HERB
19
19
10
SILV
817
817
NO_SKILL
132
SILV
20
20
ENTE
200
2
0
PEAS
52
37
0
10000
0
2000
52
0
BUKE
105
7
0
10000
0
400
105
1
0
None
0
Dummy
none
-1
-1
0
0
Hyuga
16
swamp
2
0
PEAS
628
303
123
123
288
0
0
0
0
0
911
83
0
7
3
1
6
GRAI
16
16
10
WOOD
11
11
10
HERB
17
17
10
SPIC
5
5
10
SILV
470
470
NO_SKILL
123
SILV
9
9
ENTE
200
2
0
PEAS
49
25
0
10000
0
2000
49
0
BUKE
98
5
0
10000
0
400
98
2
0
None
0
Dummy
none
-1
-1
0
0
1
Ruin
0
Ruin [1]
none
-1
-1
0
1
Spirits (3)
none
3
3
2
2
0
0
NO_ITEM
NO_ITEM
NO_ITEM
NO_ITEM
NO_ITEM
NO_ITEM
NO_ITEM
NO_ITEM
NO_ITEM
10
2
3 MIKA
4 KAMI
0
NO_SKILL
Izumi
17
plain
1
0
PEAS
2526
1238
141
141
2071
0
0
0
0
0
3715
107
0
0
4
1
4
LIVE
42
42
10
HORS
38
38
10
SILV
2088
2088
NO_SKILL
141
SILV
97
97
ENTE
200
2
0
PEAS
56
101
0
10000
0
2000
56
0
BUKE
112
20
0
10000
0
400
112
1
0
None
0
Dummy
none
-1
-1
0
0
Izumi
18
plain
1
0
PEAS
2106
1080
155
155
2316
0
0
0
0
0
3241
128
0
2
4
1
4
GRAI
75
75
10
HORS
25
25
10
SILV
2386
2386
NO_SKILL
155
SILV
100
100
ENTE
200
2
0
PEAS
62
84
0
10000
0
2000
62
0
BUKE
124
16
0
10000
0
400
124
1
0
None
0
Dummy
none
-1
-1
0
0
Okinawa
19
forest
1
0
PEAS
969
521
126
126
503
0
0
0
0
0
1564
86
0
4
4
1
8
GRAI
30
30
10
WOOD
35
35
10
FUR
11
11
10
HERB
14
14
10
HRWD
10
10
10
YEW
6
6
10
SILV
679
679
NO_SKILL
126
SILV
17
17
ENTE
200
2
0
PEAS
50
38
0
10000
0
2000
50
0
BUKE
100
7
0
10000
0
400
100
1
0
None
0
Dummy
none
-1
-1
0
0
Izumi
20
plain
1
0
PEAS
2337
1180
149
149
2290
0
0
0
0
0
3541
119
0
6
4
1
4
LIVE
48
48
10
HORS
26
26
10
SILV
2326
2326
NO_SKILL
149
SILV
102
102
ENTE
200
2
0
PEAS
59
93
0
10000
0
2000
59
0
BUKE
119
18
0
10000
0
400
119
1
0
None
0
Dummy
none
-1
-1
0
0
Izumi
21
plain
1
0
PEAS
2013
1082
146
146
1851
0
0
0
0
0
3247
115
0
1
5
1
4
LIVE
58
58
10
HORS
29
29
10
SILV
1927
1927
NO_SKILL
146
SILV
78
78
ENTE
200
2
0
PEAS
58
80
0
10000
0
2000
58
0
BUKE
116
16
0
10000
0
400
116
1
0
None
0
Dummy
none
-1
-1
0
0
Izumi
22
plain
1
0
PEAS
2087
1070
150
150
2087
0
0
0
0
0
3212
121
0
3
5
1
5
GRAI
73
73
10
HORS
22
22
10
WING
5
5
10
SILV
2152
2152
NO_SKILL
150
SILV
89
89
ENTE
200
2
0
PEAS
60
83
0
10000
0
2000
60
0
BUKE
120
16
0
10000
0
400
120
1
0
None
0
Dummy
none
-1
-1
0
0
Okinawa
23
forest
1
0
PEAS
1142
568
129
129
662
0
0
0
0
0
1705
90
0
5
5
1
8
LIVE
29
29
10
WOOD
25
25
10
FUR
18
18
10
HERB
10
10
10
YEW
9
9
10
MUSH
9
9
10
SILV
796
796
NO_SKILL
129
SILV
23
23
ENTE
200
2
0
PEAS
51
45
0
10000
0
2000
51
0
BUKE
103
9
0
10000
0
400
103
1
0
None
0
Dummy
none
-1
-1
0
0
Izumi
24
plain
1
0
PEAS
1842
930
153
153
1952
0
0
0
0
0
2791
126
0
7
5
1
4
LIVE
59
59
10
HORS
21
21
10
SILV
2074
2074
NO_SKILL
153
SILV
79
79
ENTE
200
2
0
PEAS
61
73
0
10000
0
2000
61
0
BUKE
122
14
0
10000
0
400
122
1
0
None
0
Dummy
none
-1
-1
0
0
Izumi
25
plain
1
0
PEAS
1939
1026
141
141
1589
0
0
0
0
0
3078
107
0
0
6
1
4
GRAI
59
59
10
HORS
35
35
10
SILV
1662
1662
NO_SKILL
141
SILV
66
66
ENTE
200
2
0
PEAS
56
77
0
10000
0
2000
56
0
BUKE
112
15
0
10000
0
400
112
1
0
None
0
Dummy
none
-1
-1
0
0
Izumi
26
plain
1
0
PEAS
2577
1263
150
150
2577
0
0
0
0
0
3790
120
0
2
6
1
4
LIVE
55
55
10
HORS
27
27
10
SILV
2593
2593
NO_SKILL
150
SILV
120
120
ENTE
200
2
0
PEAS
60
103
0
10000
0
2000
60
0
BUKE
120
20
0
10000
0
400
120
1
0
None
0
Dummy
none
-1
-1
0
0
Okinawa
27
forest
1
0
PEAS
939
482
123
123
431
0
0
0
0
0
1446
83
0
4
6
1
7
LIVE
38
38
10
WOOD
38
38
10
FUR
19
19
10
HERB
19
19
10
HRWD
18
18
10
SILV
589
589
NO_SKILL
123
SILV
14
14
ENTE
200
2
0
PEAS
49
37
0
10000
0
2000
49
0
BUKE
98
7
0
10000
0
400
98
1
0
None
0
Dummy
none
-1
-1
0
0
Okinawa
28
forest
1
0
PEAS
1110
569
130
130
666
0
0
0
0
0
1709
92
0
6
6
1
8
LIVE
39
39
10
WOOD
22
22
10
FUR
11
11
10
HERB
10
10
10
HRWD
11
11
10
MUSH
15
15
10
SILV
807
807
NO_SKILL
130
SILV
23
23
ENTE
200
2
0
PEAS
52
44
0
10000
0
2000
52
0
BUKE
104
8
0
10000
0
400
104
1
0
None
0
Dummy
none
-1
-1
0
0
Izumi
29
plain
1
0
PEAS
2615
1263
149
149
2562
0
0
0
0
0
3791
119
0
1
7
1
5
GRAI
74
74
10
HORS
36
36
10
WING
7
7
10
SILV
2575
2575
NO_SKILL
149
SILV
121
121
ENTE
200
2
0
PEAS
59
104
0
10000
0
2000
59
0
BUKE
119
20
0
10000
0
400
119
1
0
None
0
Dummy
none
-1
-1
0
0
Okinawa
30
forest
1
0
PEAS
849
449
126
126
441
0
0
0
0
0
1349
86
0
3
7
1
7
LIVE
26
26
10
WOOD
26
26
10
FUR
11
11
10
HERB
12
12
10
MUSH
9
9
10
SILV
627
627
NO_SKILL
126
SILV
14
14
ENTE
200
2
0
PEAS
50
33
0
10000
0
2000
50
0
BUKE
100
6
0
10000
0
400
100
1
0
None
0
Dummy
none
-1
-1
0
0
Okinawa
31
forest
1
0
PEAS
1004
492
128
128
562
0
0
0
0
0
1477
89
0
5
7
1
8
LIVE
33
33
10
WOOD
22
22
10
FUR
17
17
10
HERB
19
19
10
HRWD
16
16
10
MUSH
12
12
10
SILV
748
748
NO_SKILL
128
SILV
19
19
ENTE
200
2
0
PEAS
51
40
0
10000
0
2000
51
0
BUKE
102
8
0
10000
0
400
102
1
0
None
0
Dummy
none
-1
-1
0
0
Okinawa
32
forest
1
0
PEAS
1312
643
121
121
551
0
0
0
0
0
1930
80
0
7
7
1
7
LIVE
32
32
10
WOOD
26
26
10
FUR
18
18
10
HERB
13
13
10
MUSH
15
15
10
SILV
639
639
NO_SKILL
121
SILV
20
20
ENTE
200
2
0
PEAS
48
52
0
10000
0
2000
48
0
BUKE
96
10
0
10000
0
400
96
1
0
None
0
Dummy
none
-1
-1
0
0
Hida
33
tunnels
1
0
IRON
0
0
0
0
0
0
0
0
0
0
100
0
0
0
0
2
3
IRON
39
39
10
STON
39
39
10
RGEM
8
8
10
0
1
0
None
0
Dummy
none
-1
-1
0
0
Hida
34
tunnels
1
0
IRON
0
0
0
0
0
0
0
0
0
0
100
0
0
2
0
2
2
IRON
27
27
10
STON
30
30
10
0
1
0
None
0
Dummy
none
-1
-1
0
0
Hida
35
tunnels
2
0
IRON
0
0
0
0
0
0
0
0
0
0
100
0
0
1
1
2
2
IRON
28
28
10
STON
25
25
10
0
2
0
None
0
Dummy
none
-1
-1
0
0
1
Cave
0
Cave [1]
none
-1
-1
0
0
Hida
36
tunnels
1
0
NO_RACE
0
0
0
0
0
0
0
0
0
0
100
0
0
3
1
2
3
IRON
36
36
10
STON
30
30
10
ROOT
7
7
10
0
1
0
None
0
Dummy
none
-1
-1
0
0
Hida
37
tunnels
1
0
IRON
0
0
0
0
0
0
0
0
0
0
100
0
0
0
2
2
2
IRON
25
25
10
STON
39
39
10
0
1
0
None
0
Dummy
none
-1
-1
0
0
Hida
38
tunnels
1
0
IRON
0
0
0
0
0
0
0
0
0
0
100
0
0
2
2
2
2
IRON
29
29
10
STON
39
39
10
0
1
0
None
0
Dummy
none
-1
-1
0
0
Hida
39
tunnels
1
0
IRON
0
0
0
0
0
0
0
0
0
0
100
0
0
1
3
2
4
IRON
31
31
10
STON
21
21
10
GOLD
8
8
10
ROOT
7
7
10
0
1
0
None
0
Dummy
none
-1
-1
0
0
Hida
40
tunnels
2
0
IRON
0
0
0
0
0
0
0
0
0
0
100
0
0
3
3
2
4
IRON
35
35
10
STON
33
33
10
GOLD
6
6
10
RGEM
9
9
10
0
2
0
None
0
Dummy
none
-1
-1
0
0
1
Demon Pit
0
Demon Pit [1]
none
-1
-1
0
0
Neighbors
30
20
32
10
7
9
-1
-1
5
9
8
-1
-1
-1
6
10
5
-1
-1
-1
7
11
6
-1
-1
-1
8
12
7
-1
-1
2
10
13
9
1
-1
3
11
14
10
2
-1
4
12
15
11
3
-1
1
9
16
12
4
1
5
13
17
16
8
2
6
14
18
13
5
3
7
15
19
14
6
4
8
16
20
15
7
5
10
18
21
17
9
6
11
19
22
18
10
7
12
20
23
19
11
8
9
17
24
20
12
9
13
21
25
24
16
10
14
22
26
21
13
11
15
23
27
22
14
12
16
24
28
23
15
13
18
26
29
25
17
14
19
27
30
26
18
15
20
28
31
27
19
16
17
25
32
28
20
17
21
29
-1
32
24
18
22
30
-1
29
21
19
23
31
-1
30
22
20
24
32
-1
31
23
21
26
-1
-1
-1
25
22
27
-1
-1
-1
26
23
28
-1
-1
-1
27
24
25
-1
-1
-1
28
-1
-1
35
-1
36
-1
-1
-1
-1
38
-1
-1
-1
-1
-1
39
-1
33
-1
33
37
-1
-1
-1
-1
-1
-1
-1
40
36
34
-1
-1
-1
-1
-1
35
-1
-1
-1
-1
-1
-1
37
-1
-1
-1
-1
